INFO:root:2000	12/09/1999  (12.725 s)
INFO:root:2000.25	03/09/2000  (12.110 s)
INFO:root:2000.5	06/08/2000  (14.196 s)
INFO:root:2000.75	09/07/2000  (11.875 s)
INFO:root:2001.0	12/07/2000  (16.323 s)
INFO:root:2001.25	03/08/2001  (15.106 s)
INFO:root:2001.5	06/07/2001  (17.379 s)
INFO:root:2001.75	09/18/2001  (17.169 s)
INFO:root:2002.0	12/13/2001  (20.815 s)
INFO:root:2002.25	03/07/2002  (19.526 s)
INFO:root:2002.5	06/13/2002  (28.860 s)
INFO:root:2002.75	09/12/2002  (38.305 s)
INFO:root:2003.0	12/12/2002  (41.091 s)
INFO:root:2003.25	03/13/2003  (34.954 s)
INFO:root:2003.5	06/12/2003  (36.095 s)
INFO:root:2003.75	09/11/2003  (33.790 s)
INFO:root:2004.0	12/11/2003  (31.702 s)
INFO:root:2004.25	03/11/2004  (27.727 s)
INFO:root:2004.5	06/10/2004  (31.376 s)
INFO:root:2004.75	09/09/2004  (28.959 s)
INFO:root:2005.0	12/09/2004  (24.938 s)
INFO:root:2005.25	03/10/2005  (29.136 s)
INFO:root:2005.5	06/09/2005  (36.021 s)
INFO:root:2005.75	09/08/2005  (26.305 s)
INFO:root:2006.0	12/08/2005  (32.081 s)
INFO:root:2006.25	03/09/2006  (27.349 s)
INFO:root:2006.5	06/08/2006  (33.507 s)
INFO:root:2006.75	09/07/2006  (32.553 s)
INFO:root:2007.0	12/07/2006  (30.847 s)
INFO:root:2007.25	03/08/2007  (36.741 s)
INFO:root:2007.5	06/07/2007  (38.423 s)
INFO:root:2007.75	09/13/2007  (73.018 s)
INFO:root:2008.0	12/13/2007  (71.630 s)
INFO:root:2008.25	03/13/2008  (93.082 s)
INFO:root:2008.5	06/12/2008  (92.208 s)
INFO:root:2008.75	09/11/2008  (106.510 s)
INFO:root:2009.0	12/11/2008  (172.948 s)
INFO:root:2009.25	03/12/2009  (140.154 s)
INFO:root:2009.5	06/11/2009  (132.724 s)
INFO:root:2009.75	09/10/2009  (101.070 s)
INFO:root:2010.0	12/11/2009  (163.479 s)
INFO:root:2010.25	03/12/2010  (145.891 s)
INFO:root:2010.5	06/11/2010  (253.002 s)
INFO:root:2010.75	09/10/2010  (263.643 s)
INFO:root:2011.0	12/10/2010  (243.070 s)
INFO:root:2011.25	03/11/2011  (175.852 s)
INFO:root:2011.5	06/10/2011  (149.496 s)
INFO:root:2011.75	09/09/2011  (224.671 s)
INFO:root:2012.0	12/09/2011  (278.942 s)
INFO:root:2012.25	03/09/2012  (180.387 s)
INFO:root:2012.5	06/08/2012  (211.045 s)
INFO:root:2012.75	09/14/2012  (224.415 s)
INFO:root:2013.0	12/14/2012  (190.671 s)
INFO:root:2013.25	03/08/2013  (150.907 s)
INFO:root:2013.5	06/14/2013  (227.917 s)
INFO:root:2013.75	09/13/2013  (177.275 s)
INFO:root:2014.0	12/13/2013  (184.946 s)
INFO:root:2014.25	03/14/2014  (186.261 s)
INFO:root:2014.5	06/13/2014  (206.323 s)
INFO:root:2014.75	09/12/2014  (187.098 s)
INFO:root:2015.0	12/12/2014  (251.255 s)
INFO:root:2015.25	03/13/2015  (243.085 s)
INFO:root:2015.5	06/12/2015  (200.056 s)
INFO:root:2015.75	09/11/2015  (244.407 s)
INFO:root:2016.0	12/11/2015  (251.443 s)
INFO:root:2016.25	03/11/2016  (350.314 s)
INFO:root:2016.5	06/10/2016  (272.909 s)
INFO:root:2016.75	09/09/2016  (240.488 s)
INFO:root:2017.0	12/09/2016  (213.606 s)
INFO:root:2017.25	03/10/2017  (157.633 s)
INFO:root:2017.5	06/09/2017  (155.680 s)
INFO:root:2017.75	09/08/2017  (145.927 s)
INFO:root:2018.0	12/08/2017  (176.924 s)
INFO:root:2018.25	03/09/2018  (180.531 s)
INFO:root:2018.5	06/10/2018  (220.404 s)
INFO:root:2018.75	09/14/2018  (196.680 s)
INFO:root:2019.0	12/14/2018  (285.659 s)
INFO:root:2019.25	03/08/2019  (225.928 s)
INFO:root:2019.5	06/14/2019  (281.451 s)
INFO:root:2019.75	03/09/2022  (242.646 s)
ERROR:root:Invalid alias: The name clear can't be aliased because it is another magic command.
ERROR:root:Invalid alias: The name more can't be aliased because it is another magic command.
ERROR:root:Invalid alias: The name less can't be aliased because it is another magic command.
ERROR:root:Invalid alias: The name man can't be aliased because it is another magic command.
INFO:root:2000	12/09/1999  (2.696 s)
INFO:root:2000.25	03/09/2000  (2.236 s)
INFO:root:2000.5	06/08/2000  (2.232 s)
INFO:root:2000.75	09/07/2000  (2.382 s)
INFO:root:2001.0	12/07/2000  (2.362 s)
INFO:root:2001.25	03/08/2001  (2.389 s)
INFO:root:2001.5	06/07/2001  (2.751 s)
INFO:root:2001.75	09/18/2001  (2.595 s)
INFO:root:2002.0	12/13/2001  (2.661 s)
INFO:root:2002.25	03/07/2002  (2.629 s)
INFO:root:2002.5	06/13/2002  (3.440 s)
INFO:root:2002.75	09/12/2002  (3.927 s)
INFO:root:2003.0	12/12/2002  (4.010 s)
INFO:root:2003.25	03/13/2003  (3.914 s)
INFO:root:2003.5	06/12/2003  (4.014 s)
INFO:root:2003.75	09/11/2003  (3.685 s)
INFO:root:2004.0	12/11/2003  (3.747 s)
INFO:root:2004.25	03/11/2004  (3.733 s)
INFO:root:2004.5	06/10/2004  (3.828 s)
INFO:root:2004.75	09/09/2004  (3.978 s)
INFO:root:2005.0	12/09/2004  (3.517 s)
INFO:root:2005.25	03/10/2005  (3.495 s)
INFO:root:2005.5	06/09/2005  (4.018 s)
INFO:root:2005.75	09/08/2005  (3.456 s)
INFO:root:2006.0	12/08/2005  (4.096 s)
INFO:root:2006.25	03/09/2006  (4.361 s)
INFO:root:2006.5	06/08/2006  (7.702 s)
INFO:root:2006.75	09/07/2006  (7.231 s)
INFO:root:2007.0	12/07/2006  (6.971 s)
INFO:root:2007.25	03/08/2007  (7.399 s)
INFO:root:2007.5	06/07/2007  (8.370 s)
INFO:root:2007.75	09/13/2007  (12.167 s)
INFO:root:2008.0	12/13/2007  (12.095 s)
INFO:root:2008.25	03/13/2008  (15.254 s)
INFO:root:2008.5	06/12/2008  (15.614 s)
INFO:root:2008.75	09/11/2008  (17.742 s)
INFO:root:2009.0	12/11/2008  (25.346 s)
INFO:root:2009.25	03/12/2009  (13.767 s)
INFO:root:2009.5	06/11/2009  (13.431 s)
INFO:root:2009.75	09/10/2009  (18.276 s)
INFO:root:2010.0	12/11/2009  (21.393 s)
INFO:root:2010.25	03/12/2010  (26.757 s)
INFO:root:2010.5	06/11/2010  (40.778 s)
INFO:root:2010.75	09/10/2010  (34.198 s)
INFO:root:2011.0	12/10/2010  (32.121 s)
INFO:root:2011.25	03/11/2011  (25.074 s)
INFO:root:2011.5	06/10/2011  (29.034 s)
INFO:root:2011.75	09/09/2011  (40.133 s)
INFO:root:2012.0	12/09/2011  (38.302 s)
INFO:root:2012.25	03/09/2012  (29.834 s)
INFO:root:2012.5	06/08/2012  (34.502 s)
INFO:root:2012.75	09/14/2012  (34.904 s)
INFO:root:2013.0	12/14/2012  (31.366 s)
INFO:root:2013.25	03/08/2013  (23.551 s)
INFO:root:2013.5	06/14/2013  (30.844 s)
INFO:root:2013.75	09/13/2013  (29.526 s)
INFO:root:2014.0	12/13/2013  (27.408 s)
INFO:root:2014.25	03/14/2014  (28.678 s)
INFO:root:2014.5	06/13/2014  (30.293 s)
INFO:root:2014.75	09/12/2014  (28.249 s)
INFO:root:2015.0	12/12/2014  (33.063 s)
INFO:root:2015.25	03/13/2015  (37.601 s)
INFO:root:2015.5	06/12/2015  (33.200 s)
INFO:root:2015.75	09/11/2015  (36.381 s)
INFO:root:2016.0	12/11/2015  (38.692 s)
INFO:root:2016.25	03/11/2016  (49.140 s)
INFO:root:2016.5	06/10/2016  (36.637 s)
INFO:root:2016.75	09/09/2016  (36.333 s)
INFO:root:2017.0	12/09/2016  (35.448 s)
INFO:root:2017.25	03/10/2017  (24.720 s)
INFO:root:2017.5	06/09/2017  (26.396 s)
INFO:root:2017.75	09/08/2017  (25.466 s)
INFO:root:2018.0	12/08/2017  (24.908 s)
INFO:root:2018.25	03/09/2018  (34.186 s)
INFO:root:2018.5	06/10/2018  (41.937 s)
INFO:root:2018.75	09/14/2018  (34.667 s)
INFO:root:2019.0	12/14/2018  (53.619 s)
INFO:root:2019.25	03/08/2019  (39.224 s)
INFO:root:2019.5	06/14/2019  (47.451 s)
INFO:root:2019.75	03/09/2022  (35.529 s)
ERROR:root:Invalid alias: The name clear can't be aliased because it is another magic command.
ERROR:root:Invalid alias: The name more can't be aliased because it is another magic command.
ERROR:root:Invalid alias: The name less can't be aliased because it is another magic command.
ERROR:root:Invalid alias: The name man can't be aliased because it is another magic command.
ERROR:root:Invalid alias: The name clear can't be aliased because it is another magic command.
ERROR:root:Invalid alias: The name more can't be aliased because it is another magic command.
ERROR:root:Invalid alias: The name less can't be aliased because it is another magic command.
ERROR:root:Invalid alias: The name man can't be aliased because it is another magic command.
ERROR:root:Invalid alias: The name clear can't be aliased because it is another magic command.
ERROR:root:Invalid alias: The name more can't be aliased because it is another magic command.
ERROR:root:Invalid alias: The name less can't be aliased because it is another magic command.
ERROR:root:Invalid alias: The name man can't be aliased because it is another magic command.
